<?xml version="1.0" encoding="UTF-8"?>
<!-- Generated by org.testng.reporters.JUnitXMLReporter -->
<testsuite hostname="Alexs-MacBook-Pro.local" name="Default test" tests="4" failures="0" timestamp="27 Oct 2014 20:02:57 GMT" time="7.909" errors="0">
  <testcase name="testAddEmptyGroup" time="1.062" classname="com.example.tests.GroupCreationTests"/>
  <testcase name="testAddNonEmptyGroup" time="0.622" classname="com.example.tests.GroupCreationTests"/>
  <testcase name="testAddEmptyContact" time="0.905" classname="com.example.tests.AddNewContactTest"/>
  <testcase name="testAddNonEmptyContact" time="1.068" classname="com.example.tests.AddNewContactTest"/>
</testsuite> <!-- Default test -->
