<?xml version="1.0" encoding="UTF-8"?>
<!-- Generated by org.testng.reporters.JUnitXMLReporter -->
<testsuite hostname="Alexs-MacBook-Pro.local" name="Default test" tests="6" failures="0" timestamp="19 Oct 2014 20:06:55 GMT" time="6.852" errors="0">
  <testcase name="testAddEmptyGroup" time="0.637" classname="com.example.tests.GroupCreationTests"/>
  <testcase name="testAddNonEmptyGroup" time="0.506" classname="com.example.tests.GroupCreationTests"/>
  <testcase name="testAddEmptyGroup" time="0.472" classname="com.example.tests.AlsoGroupCreationTests"/>
  <testcase name="testAddNonEmptyGroup" time="0.527" classname="com.example.tests.AlsoGroupCreationTests"/>
  <testcase name="testAddEmptyContact" time="0.813" classname="com.example.tests.AddNewContactTest"/>
  <testcase name="testAddNonEmptyContact" time="1.024" classname="com.example.tests.AddNewContactTest"/>
</testsuite> <!-- Default test -->
