<?xml version="1.0" encoding="UTF-8"?>
<testng-results skipped="0" failed="0" total="4" passed="4">
  <reporter-output>
  </reporter-output>
  <suite name="Default suite" duration-ms="7909" started-at="2014-10-27T20:02:49Z" finished-at="2014-10-27T20:02:57Z">
    <groups>
    </groups>
    <test name="Default test" duration-ms="7909" started-at="2014-10-27T20:02:49Z" finished-at="2014-10-27T20:02:57Z">
      <class name="com.example.tests.GroupCreationTests">
        <test-method status="PASS" signature="testAddEmptyGroup()[pri:0, instance:com.example.tests.GroupCreationTests@2347f330]" name="testAddEmptyGroup" duration-ms="1062" started-at="2014-10-27T22:02:53Z" finished-at="2014-10-27T22:02:54Z">
          <reporter-output>
          </reporter-output>
        </test-method> <!-- testAddEmptyGroup -->
        <test-method status="PASS" signature="testAddNonEmptyGroup()[pri:0, instance:com.example.tests.GroupCreationTests@2347f330]" name="testAddNonEmptyGroup" duration-ms="622" started-at="2014-10-27T22:02:54Z" finished-at="2014-10-27T22:02:55Z">
          <reporter-output>
          </reporter-output>
        </test-method> <!-- testAddNonEmptyGroup -->
      </class> <!-- com.example.tests.GroupCreationTests -->
      <class name="com.example.tests.AddNewContactTest">
        <test-method status="PASS" signature="setUp()[pri:0, instance:com.example.tests.AddNewContactTest@33462704]" name="setUp" is-config="true" duration-ms="4137" started-at="2014-10-27T22:02:49Z" finished-at="2014-10-27T22:02:53Z">
          <reporter-output>
          </reporter-output>
        </test-method> <!-- setUp -->
        <test-method status="PASS" signature="testAddEmptyContact()[pri:0, instance:com.example.tests.AddNewContactTest@33462704]" name="testAddEmptyContact" duration-ms="905" started-at="2014-10-27T22:02:55Z" finished-at="2014-10-27T22:02:56Z">
          <reporter-output>
          </reporter-output>
        </test-method> <!-- testAddEmptyContact -->
        <test-method status="PASS" signature="testAddNonEmptyContact()[pri:0, instance:com.example.tests.AddNewContactTest@33462704]" name="testAddNonEmptyContact" duration-ms="1068" started-at="2014-10-27T22:02:56Z" finished-at="2014-10-27T22:02:57Z">
          <reporter-output>
          </reporter-output>
        </test-method> <!-- testAddNonEmptyContact -->
        <test-method status="PASS" signature="tearDown()[pri:0, instance:com.example.tests.AddNewContactTest@33462704]" name="tearDown" is-config="true" duration-ms="84" started-at="2014-10-27T22:02:57Z" finished-at="2014-10-27T22:02:57Z">
          <reporter-output>
          </reporter-output>
        </test-method> <!-- tearDown -->
      </class> <!-- com.example.tests.AddNewContactTest -->
    </test> <!-- Default test -->
  </suite> <!-- Default suite -->
</testng-results>
