<?xml version="1.0" encoding="UTF-8"?>
<testng-results skipped="0" failed="0" total="4" passed="4">
  <reporter-output>
  </reporter-output>
  <suite name="Default suite" duration-ms="5259" started-at="2014-10-11T19:48:33Z" finished-at="2014-10-11T19:48:39Z">
    <groups>
    </groups>
    <test name="Default test" duration-ms="5259" started-at="2014-10-11T19:48:33Z" finished-at="2014-10-11T19:48:39Z">
      <class name="com.example.tests.GroupCreationTests">
        <test-method status="PASS" signature="testAddEmptyGroup()[pri:0, instance:com.example.tests.GroupCreationTests@57502283]" name="testAddEmptyGroup" duration-ms="792" started-at="2014-10-11T22:48:36Z" finished-at="2014-10-11T22:48:37Z">
          <reporter-output>
          </reporter-output>
        </test-method> <!-- testAddEmptyGroup -->
        <test-method status="PASS" signature="testAddNonEmptyGroup()[pri:0, instance:com.example.tests.GroupCreationTests@57502283]" name="testAddNonEmptyGroup" duration-ms="500" started-at="2014-10-11T22:48:37Z" finished-at="2014-10-11T22:48:38Z">
          <reporter-output>
          </reporter-output>
        </test-method> <!-- testAddNonEmptyGroup -->
      </class> <!-- com.example.tests.GroupCreationTests -->
      <class name="com.example.tests.AlsoGroupCreationTests">
        <test-method status="PASS" signature="setUp()[pri:0, instance:com.example.tests.AlsoGroupCreationTests@6a790e37]" name="setUp" is-config="true" duration-ms="2933" started-at="2014-10-11T22:48:33Z" finished-at="2014-10-11T22:48:36Z">
          <reporter-output>
          </reporter-output>
        </test-method> <!-- setUp -->
        <test-method status="PASS" signature="testAddEmptyGroup()[pri:0, instance:com.example.tests.AlsoGroupCreationTests@6a790e37]" name="testAddEmptyGroup" duration-ms="454" started-at="2014-10-11T22:48:38Z" finished-at="2014-10-11T22:48:38Z">
          <reporter-output>
          </reporter-output>
        </test-method> <!-- testAddEmptyGroup -->
        <test-method status="PASS" signature="testAddNonEmptyGroup()[pri:0, instance:com.example.tests.AlsoGroupCreationTests@6a790e37]" name="testAddNonEmptyGroup" duration-ms="486" started-at="2014-10-11T22:48:38Z" finished-at="2014-10-11T22:48:39Z">
          <reporter-output>
          </reporter-output>
        </test-method> <!-- testAddNonEmptyGroup -->
        <test-method status="PASS" signature="tearDown()[pri:0, instance:com.example.tests.AlsoGroupCreationTests@6a790e37]" name="tearDown" is-config="true" duration-ms="77" started-at="2014-10-11T22:48:39Z" finished-at="2014-10-11T22:48:39Z">
          <reporter-output>
          </reporter-output>
        </test-method> <!-- tearDown -->
      </class> <!-- com.example.tests.AlsoGroupCreationTests -->
    </test> <!-- Default test -->
  </suite> <!-- Default suite -->
</testng-results>
